<?xml version="1.0" encoding="UTF-8"?>
<!-- Generated by org.testng.reporters.JUnitReportReporter -->
<testsuite hostname="DESKTOP-UF4LG82" failures="0" tests="1" name="com.simplilearn.Amazon" time="5.078" errors="0" timestamp="2022-04-25T21:45:55 IST" skipped="0">
  <testcase classname="com.simplilearn.Amazon" name="test2" time="5.078"/>
  <system-out/>
</testsuite> <!-- com.simplilearn.Amazon -->
